<?xml version="1.0" encoding="UTF-8"?>
<testsuite xmlns:xsi="http://www.w3.org/2001/XMLSchema-instance" xsi:noNamespaceSchemaLocation="https://maven.apache.org/surefire/maven-surefire-plugin/xsd/surefire-test-report.xsd" name="controllers.CommentControllerTest" time="0.298" tests="8" errors="0" skipped="0" failures="0">
  <properties>
[...]
</properties>
  <testcase name="WHEN_comment_id_in_linking_is_invalid_THEN_get_no_existent_comment" classname="controllers.CommentControllerTest" time="0.057"/>
  <testcase name="WHEN_comment_id_in_disliking_is_invalid_THEN_get_no_existent_comment" classname="controllers.CommentControllerTest" time="0.019"/>
  <testcase name="WHEN_users_vote_inverse_THEN_like_count_successfully_change{String, String, Integer, Integer}[1]" classname="controllers.CommentControllerTest" time="0.049"/>
  <testcase name="WHEN_users_vote_inverse_THEN_like_count_successfully_change{String, String, Integer, Integer}[2]" classname="controllers.CommentControllerTest" time="0.02"/>
  <testcase name="WHEN_users_vote_inverse_THEN_like_count_successfully_change{String, String, Integer, Integer}[3]" classname="controllers.CommentControllerTest" time="0.028"/>
  <testcase name="WHEN_users_vote_inverse_THEN_like_count_successfully_change{String, String, Integer, Integer}[4]" classname="controllers.CommentControllerTest" time="0.024"/>
  <testcase name="WHEN_users_vote_inverse_THEN_like_count_successfully_change{String, String, Integer, Integer}[5]" classname="controllers.CommentControllerTest" time="0.02"/>
  <testcase name="WHEN_users_vote_inverse_THEN_like_count_successfully_change{String, String, Integer, Integer}[6]" classname="controllers.CommentControllerTest" time="0.026"/>
</testsuite>