<?xml version="1.0" encoding="UTF-8"?>
<testsuite xmlns:xsi="http://www.w3.org/2001/XMLSchema-instance" xsi:noNamespaceSchemaLocation="https://maven.apache.org/surefire/maven-surefire-plugin/xsd/surefire-test-report.xsd" name="model.UserTest" time="0.001" tests="32" errors="0" skipped="0" failures="0">
  <properties>
[...]
</properties>
  <testcase name="WHEN_constructor_created_THEN_default_address_return_successfully" classname="model.UserTest" time="0"/>
  <testcase name="WHEN_constructor_created_THEN_default_birth_return_successfully" classname="model.UserTest" time="0"/>
  <testcase name="WHEN_same_item_add_THEN_increase_item_count_in_purchase_list{Commodity, int, User}[1]" classname="model.UserTest" time="0"/>
  <testcase name="WHEN_same_item_add_THEN_increase_item_count_in_purchase_list{Commodity, int, User}[2]" classname="model.UserTest" time="0"/>
  <testcase name="WHEN_same_item_add_THEN_increase_item_count_in_purchase_list{Commodity, int, User}[3]" classname="model.UserTest" time="0"/>
  <testcase name="WHEN_same_item_add_THEN_increase_item_count_in_purchase_list{Commodity, int, User}[4]" classname="model.UserTest" time="0"/>
  <testcase name="WHEN_same_item_add_THEN_increase_item_count_in_purchase_list{Commodity, int, User}[5]" classname="model.UserTest" time="0"/>
  <testcase name="WHEN_user_list_username_change_THEN_usernames_must_be_different" classname="model.UserTest" time="0"/>
  <testcase name="WHEN_constructor_created_THEN_default_username_return_successfully" classname="model.UserTest" time="0"/>
  <testcase name="WHEN_same_item_add_THEN_increase_item_count_in_buy_list{Commodity, User}[1]" classname="model.UserTest" time="0"/>
  <testcase name="WHEN_same_item_add_THEN_increase_item_count_in_buy_list{Commodity, User}[2]" classname="model.UserTest" time="0"/>
  <testcase name="WHEN_same_item_add_THEN_increase_item_count_in_buy_list{Commodity, User}[3]" classname="model.UserTest" time="0"/>
  <testcase name="WHEN_same_item_add_THEN_increase_item_count_in_buy_list{Commodity, User}[4]" classname="model.UserTest" time="0"/>
  <testcase name="WHEN_same_item_add_THEN_increase_item_count_in_buy_list{Commodity, User}[5]" classname="model.UserTest" time="0"/>
  <testcase name="WHEN_amount_is_less_than_wallet_size_THEN_money_is_enough_for_purchase" classname="model.UserTest" time="0"/>
  <testcase name="WHEN_user_list_address_change_THEN_address_must_be_different" classname="model.UserTest" time="0"/>
  <testcase name="WHEN_constructor_created_THEN_default_credit_return_successfully" classname="model.UserTest" time="0"/>
  <testcase name="WHEN_user_list_birth_change_THEN_births_must_be_different" classname="model.UserTest" time="0"/>
  <testcase name="WHEN_constructor_created_THEN_default_password_return_successfully" classname="model.UserTest" time="0"/>
  <testcase name="WHEN_user_list_password_change_THEN_passwords_must_be_different" classname="model.UserTest" time="0"/>
  <testcase name="WHEN_user_list_mail_change_THEN_mails_must_be_different" classname="model.UserTest" time="0"/>
  <testcase name="WHEN_item_exist_THEN_remove_and_count_decrease{Commodity, User}[1]" classname="model.UserTest" time="0"/>
  <testcase name="WHEN_item_exist_THEN_remove_and_count_decrease{Commodity, User}[2]" classname="model.UserTest" time="0"/>
  <testcase name="WHEN_item_exist_THEN_remove_and_count_decrease{Commodity, User}[3]" classname="model.UserTest" time="0"/>
  <testcase name="WHEN_item_exist_THEN_remove_and_count_decrease{Commodity, User}[4]" classname="model.UserTest" time="0"/>
  <testcase name="WHEN_item_exist_THEN_remove_and_count_decrease{Commodity, User}[5]" classname="model.UserTest" time="0"/>
  <testcase name="WHEN_user_list_credit_change_THEN_credits_must_be_different" classname="model.UserTest" time="0"/>
  <testcase name="WHEN_amount_is_more_than_wallet_size_THEN_money_is_not_enough_for_purchase" classname="model.UserTest" time="0"/>
  <testcase name="WHEN_buy_list_is_empty_THEN_can_not_remove_item_from_it" classname="model.UserTest" time="0"/>
  <testcase name="WHEN_amount_is_negative_and_no_item_remains_THEN_do_not_update_inStock" classname="model.UserTest" time="0"/>
  <testcase name="WHEN_constructor_created_THEN_default_mail_return_successfully" classname="model.UserTest" time="0"/>
  <testcase name="WHEN_amount_is_positive_THEN_increase_wallet" classname="model.UserTest" time="0"/>
</testsuite>